D:\NK5BACK\NK5BACK\DEBUG\COMMON.OBJ
D:\NK5BACK\NK5BACK\DEBUG\COMPUTER.OBJ
D:\NK5BACK\NK5BACK\DEBUG\DIAG.OBJ
D:\NK5BACK\NK5BACK\DEBUG\DIRECTORY.OBJ
D:\NK5BACK\NK5BACK\DEBUG\DISK.OBJ
D:\NK5BACK\NK5BACK\DEBUG\ERROR.OBJ
D:\NK5BACK\NK5BACK\DEBUG\FILE.OBJ
D:\NK5BACK\NK5BACK\DEBUG\GENDEP.OBJ
D:\NK5BACK\NK5BACK\DEBUG\GROUP.OBJ
D:\NK5BACK\NK5BACK\DEBUG\IOSERVER.OBJ
D:\NK5BACK\NK5BACK\DEBUG\JSON.OBJ
D:\NK5BACK\NK5BACK\DEBUG\LOGIN.OBJ
D:\NK5BACK\NK5BACK\DEBUG\LOGINNOCGI.OBJ
D:\NK5BACK\NK5BACK\DEBUG\MAIN.OBJ
D:\NK5BACK\NK5BACK\DEBUG\MENU.OBJ
D:\NK5BACK\NK5BACK\DEBUG\OUTPUT.OBJ
D:\NK5BACK\NK5BACK\DEBUG\PACK.OBJ
D:\NK5BACK\NK5BACK\DEBUG\RESTORE.OBJ
D:\NK5BACK\NK5BACK\DEBUG\ROUTE.OBJ
D:\NK5BACK\NK5BACK\DEBUG\SETTINGS.OBJ
D:\NK5BACK\NK5BACK\DEBUG\ALIVE.OBJ
D:\NK5BACK\NK5BACK\DEBUG\BACKUP.OBJ
D:\NK5BACK\NK5BACK\DEBUG\BASEDISK.OBJ
D:\NK5BACK\NK5BACK\DEBUG\VC110.PDB
D:\nk5back\nk5back\Debug\alive.obj
D:\nk5back\nk5back\Debug\backup.obj
D:\nk5back\nk5back\Debug\basedisk.obj
D:\nk5back\nk5back\Debug\common.obj
D:\nk5back\nk5back\Debug\computer.obj
D:\nk5back\nk5back\Debug\diag.obj
D:\nk5back\nk5back\Debug\directory.obj
D:\nk5back\nk5back\Debug\disk.obj
D:\nk5back\nk5back\Debug\error.obj
D:\nk5back\nk5back\Debug\file.obj
D:\nk5back\nk5back\Debug\gendep.obj
D:\nk5back\nk5back\Debug\group.obj
D:\nk5back\nk5back\Debug\ioserver.obj
D:\nk5back\nk5back\Debug\json.obj
D:\nk5back\nk5back\Debug\login.obj
D:\nk5back\nk5back\Debug\loginNoCGI.obj
D:\nk5back\nk5back\Debug\main.obj
D:\nk5back\nk5back\Debug\menu.obj
D:\nk5back\nk5back\Debug\output.obj
D:\nk5back\nk5back\Debug\pack.obj
D:\nk5back\nk5back\Debug\restore.obj
D:\nk5back\nk5back\Debug\route.obj
D:\nk5back\nk5back\Debug\settings.obj
D:\nk5back\nk5back\Debug\cl.command.1.tlog
D:\nk5back\nk5back\Debug\CL.read.1.tlog
D:\nk5back\nk5back\Debug\CL.write.1.tlog
D:\nk5back\nk5back\Debug\link-cvtres.read.1.tlog
D:\nk5back\nk5back\Debug\link-cvtres.read.2.tlog
D:\nk5back\nk5back\Debug\link-cvtres.write.1.tlog
D:\nk5back\nk5back\Debug\link-rc.read.1.tlog
D:\nk5back\nk5back\Debug\link-rc.read.2.tlog
D:\nk5back\nk5back\Debug\link-rc.write.1.tlog
D:\nk5back\nk5back\Debug\link.command.1.tlog
D:\nk5back\nk5back\Debug\link.read.1.tlog
D:\nk5back\nk5back\Debug\link.write.1.tlog
D:\nk5back\nk5back\Debug\vc110.idb
D:\nk5back\nk5back\Debug\vc110.pdb
